<?xml version="1.0" encoding="UTF-8"?>
<coverage generated="1714065213491" clover="3.2.0">
  <project timestamp="1714065213491" name="All files">
    <metrics statements="62" coveredstatements="57" conditionals="10" coveredconditionals="7" methods="26" coveredmethods="22" elements="98" coveredelements="86" complexity="0" loc="62" ncloc="62" packages="3" files="11" classes="11"/>
    <package name="components">
      <metrics statements="34" coveredstatements="33" conditionals="10" coveredconditionals="7" methods="16" coveredmethods="15"/>
      <file name="Cart.js" path="/Users/shritimac/Desktop/Shriti Desktop/Shriti- code/Namaste_React/React_Basic/src/components/Cart.js">
        <metrics statements="6" coveredstatements="6" conditionals="2" coveredconditionals="2" methods="3" coveredmethods="3"/>
        <line num="6" count="1" type="stmt"/>
        <line num="7" count="6" type="stmt"/>
        <line num="8" count="3" type="stmt"/>
        <line num="10" count="3" type="stmt"/>
        <line num="11" count="1" type="stmt"/>
        <line num="14" count="3" type="stmt"/>
      </file>
      <file name="Header.js" path="/Users/shritimac/Desktop/Shriti Desktop/Shriti- code/Namaste_React/React_Basic/src/components/Header.js">
        <metrics statements="7" coveredstatements="6" conditionals="4" coveredconditionals="1" methods="3" coveredmethods="2"/>
        <line num="8" count="1" type="stmt"/>
        <line num="9" count="3" type="stmt"/>
        <line num="11" count="3" type="stmt"/>
        <line num="12" count="3" type="stmt"/>
        <line num="16" count="6" type="stmt"/>
        <line num="17" count="3" type="stmt"/>
        <line num="31" count="0" type="cond" truecount="0" falsecount="2"/>
      </file>
      <file name="ItemList.js" path="/Users/shritimac/Desktop/Shriti Desktop/Shriti- code/Namaste_React/React_Basic/src/components/ItemList.js">
        <metrics statements="7" coveredstatements="7" conditionals="0" coveredconditionals="0" methods="4" coveredmethods="4"/>
        <line num="6" count="1" type="stmt"/>
        <line num="8" count="5" type="stmt"/>
        <line num="10" count="5" type="stmt"/>
        <line num="12" count="1" type="stmt"/>
        <line num="15" count="5" type="stmt"/>
        <line num="17" count="35" type="stmt"/>
        <line num="22" count="1" type="stmt"/>
      </file>
      <file name="RestaurantCategory.js" path="/Users/shritimac/Desktop/Shriti Desktop/Shriti- code/Namaste_React/React_Basic/src/components/RestaurantCategory.js">
        <metrics statements="2" coveredstatements="2" conditionals="2" coveredconditionals="2" methods="1" coveredmethods="1"/>
        <line num="4" count="1" type="stmt"/>
        <line num="6" count="16" type="stmt"/>
      </file>
      <file name="RestaurantMenu.js" path="/Users/shritimac/Desktop/Shriti Desktop/Shriti- code/Namaste_React/React_Basic/src/components/RestaurantMenu.js">
        <metrics statements="12" coveredstatements="12" conditionals="2" coveredconditionals="2" methods="5" coveredmethods="5"/>
        <line num="6" count="1" type="stmt"/>
        <line num="12" count="4" type="stmt"/>
        <line num="13" count="4" type="stmt"/>
        <line num="14" count="4" type="stmt"/>
        <line num="16" count="4" type="stmt"/>
        <line num="17" count="2" type="stmt"/>
        <line num="20" count="4" type="cond" truecount="2" falsecount="0"/>
        <line num="22" count="3" type="stmt"/>
        <line num="23" count="3" type="stmt"/>
        <line num="24" count="42" type="stmt"/>
        <line num="27" count="3" type="stmt"/>
        <line num="38" count="24" type="stmt"/>
      </file>
    </package>
    <package name="reducers">
      <metrics statements="6" coveredstatements="4" conditionals="0" coveredconditionals="0" methods="3" coveredmethods="2"/>
      <file name="cartSlice.js" path="/Users/shritimac/Desktop/Shriti Desktop/Shriti- code/Namaste_React/React_Basic/src/reducers/cartSlice.js">
        <metrics statements="6" coveredstatements="4" conditionals="0" coveredconditionals="0" methods="3" coveredmethods="2"/>
        <line num="3" count="1" type="stmt"/>
        <line num="13" count="1" type="stmt"/>
        <line num="16" count="0" type="stmt"/>
        <line num="17" count="0" type="stmt"/>
        <line num="20" count="1" type="stmt"/>
        <line num="26" count="1" type="stmt"/>
      </file>
    </package>
    <package name="utils">
      <metrics statements="22" coveredstatements="20" conditionals="0" coveredconditionals="0" methods="7" coveredmethods="5"/>
      <file name="UserContext.js" path="/Users/shritimac/Desktop/Shriti Desktop/Shriti- code/Namaste_React/React_Basic/src/utils/UserContext.js">
        <metrics statements="1" coveredstatements="1" conditionals="0" coveredconditionals="0" methods="0" coveredmethods="0"/>
        <line num="5" count="1" type="stmt"/>
      </file>
      <file name="appStore.js" path="/Users/shritimac/Desktop/Shriti Desktop/Shriti- code/Namaste_React/React_Basic/src/utils/appStore.js">
        <metrics statements="1" coveredstatements="1" conditionals="0" coveredconditionals="0" methods="0" coveredmethods="0"/>
        <line num="4" count="1" type="stmt"/>
      </file>
      <file name="constants.js" path="/Users/shritimac/Desktop/Shriti Desktop/Shriti- code/Namaste_React/React_Basic/src/utils/constants.js">
        <metrics statements="3" coveredstatements="3" conditionals="0" coveredconditionals="0" methods="0" coveredmethods="0"/>
        <line num="1" count="1" type="stmt"/>
        <line num="2" count="1" type="stmt"/>
        <line num="3" count="1" type="stmt"/>
      </file>
      <file name="useOnlineStatus.js" path="/Users/shritimac/Desktop/Shriti Desktop/Shriti- code/Namaste_React/React_Basic/src/utils/useOnlineStatus.js">
        <metrics statements="8" coveredstatements="6" conditionals="0" coveredconditionals="0" methods="4" coveredmethods="2"/>
        <line num="3" count="1" type="stmt"/>
        <line num="4" count="3" type="stmt"/>
        <line num="8" count="3" type="stmt"/>
        <line num="9" count="1" type="stmt"/>
        <line num="10" count="0" type="stmt"/>
        <line num="12" count="1" type="stmt"/>
        <line num="13" count="0" type="stmt"/>
        <line num="17" count="3" type="stmt"/>
      </file>
      <file name="useRestaurantMenu.js" path="/Users/shritimac/Desktop/Shriti Desktop/Shriti- code/Namaste_React/React_Basic/src/utils/useRestaurantMenu.js">
        <metrics statements="9" coveredstatements="9" conditionals="0" coveredconditionals="0" methods="3" coveredmethods="3"/>
        <line num="4" count="1" type="stmt"/>
        <line num="5" count="4" type="stmt"/>
        <line num="7" count="4" type="stmt"/>
        <line num="8" count="1" type="stmt"/>
        <line num="9" count="1" type="stmt"/>
        <line num="10" count="1" type="stmt"/>
        <line num="13" count="4" type="stmt"/>
        <line num="14" count="1" type="stmt"/>
        <line num="16" count="4" type="stmt"/>
      </file>
    </package>
  </project>
</coverage>
