{"/Users/shritimac/Desktop/Shriti Desktop/Shriti- code/Namaste_React/React_Basic/src/components/Cart.js": {"path":"/Users/shritimac/Desktop/Shriti Desktop/Shriti- code/Namaste_React/React_Basic/src/components/Cart.js","statementMap":{"0":{"start":{"line":6,"column":13},"end":{"line":23,"column":1}},"1":{"start":{"line":7,"column":24},"end":{"line":7,"column":64}},"2":{"start":{"line":7,"column":47},"end":{"line":7,"column":63}},"3":{"start":{"line":8,"column":21},"end":{"line":8,"column":34}},"4":{"start":{"line":10,"column":26},"end":{"line":12,"column":5}},"5":{"start":{"line":11,"column":8},"end":{"line":11,"column":31}},"6":{"start":{"line":14,"column":2},"end":{"line":22,"column":3}}},"fnMap":{"0":{"name":"(anonymous_0)","decl":{"start":{"line":6,"column":13},"end":{"line":6,"column":14}},"loc":{"start":{"line":6,"column":19},"end":{"line":23,"column":1}},"line":6},"1":{"name":"(anonymous_1)","decl":{"start":{"line":7,"column":36},"end":{"line":7,"column":37}},"loc":{"start":{"line":7,"column":47},"end":{"line":7,"column":63}},"line":7},"2":{"name":"(anonymous_2)","decl":{"start":{"line":10,"column":26},"end":{"line":10,"column":27}},"loc":{"start":{"line":10,"column":30},"end":{"line":12,"column":5}},"line":10}},"branchMap":{"0":{"loc":{"start":{"line":20,"column":13},"end":{"line":20,"column":69}},"type":"binary-expr","locations":[{"start":{"line":20,"column":13},"end":{"line":20,"column":34}},{"start":{"line":20,"column":38},"end":{"line":20,"column":69}}],"line":20}},"s":{"0":1,"1":3,"2":6,"3":3,"4":3,"5":1,"6":3},"f":{"0":3,"1":6,"2":1},"b":{"0":[3,2]},"_coverageSchema":"1a1c01bbd47fc00a2c39e90264f33305004495a9","hash":"1510f1e78fec49ab92ad99e1dd2d3687db19764e"}
,"/Users/shritimac/Desktop/Shriti Desktop/Shriti- code/Namaste_React/React_Basic/src/components/Header.js": {"path":"/Users/shritimac/Desktop/Shriti Desktop/Shriti- code/Namaste_React/React_Basic/src/components/Header.js","statementMap":{"0":{"start":{"line":8,"column":14},"end":{"line":38,"column":4}},"1":{"start":{"line":9,"column":30},"end":{"line":9,"column":47}},"2":{"start":{"line":11,"column":25},"end":{"line":11,"column":42}},"3":{"start":{"line":12,"column":27},"end":{"line":12,"column":50}},"4":{"start":{"line":16,"column":17},"end":{"line":16,"column":56}},"5":{"start":{"line":16,"column":39},"end":{"line":16,"column":55}},"6":{"start":{"line":17,"column":4},"end":{"line":37,"column":5}},"7":{"start":{"line":31,"column":42},"end":{"line":31,"column":97}}},"fnMap":{"0":{"name":"(anonymous_0)","decl":{"start":{"line":8,"column":14},"end":{"line":8,"column":15}},"loc":{"start":{"line":8,"column":20},"end":{"line":38,"column":4}},"line":8},"1":{"name":"(anonymous_1)","decl":{"start":{"line":16,"column":29},"end":{"line":16,"column":30}},"loc":{"start":{"line":16,"column":39},"end":{"line":16,"column":55}},"line":16},"2":{"name":"(anonymous_2)","decl":{"start":{"line":31,"column":37},"end":{"line":31,"column":38}},"loc":{"start":{"line":31,"column":41},"end":{"line":31,"column":98}},"line":31}},"branchMap":{"0":{"loc":{"start":{"line":24,"column":60},"end":{"line":24,"column":85}},"type":"cond-expr","locations":[{"start":{"line":24,"column":75},"end":{"line":24,"column":78}},{"start":{"line":24,"column":81},"end":{"line":24,"column":85}}],"line":24},"1":{"loc":{"start":{"line":31,"column":42},"end":{"line":31,"column":97}},"type":"cond-expr","locations":[{"start":{"line":31,"column":60},"end":{"line":31,"column":78}},{"start":{"line":31,"column":80},"end":{"line":31,"column":97}}],"line":31}},"s":{"0":1,"1":3,"2":3,"3":3,"4":3,"5":6,"6":3,"7":0},"f":{"0":3,"1":6,"2":0},"b":{"0":[3,0],"1":[0,0]},"_coverageSchema":"1a1c01bbd47fc00a2c39e90264f33305004495a9","hash":"dd3ecf4cb947c34da1fe86363305d7f831f4e5ac"}
,"/Users/shritimac/Desktop/Shriti Desktop/Shriti- code/Namaste_React/React_Basic/src/components/ItemList.js": {"path":"/Users/shritimac/Desktop/Shriti Desktop/Shriti- code/Namaste_React/React_Basic/src/components/ItemList.js","statementMap":{"0":{"start":{"line":6,"column":17},"end":{"line":32,"column":1}},"1":{"start":{"line":8,"column":19},"end":{"line":8,"column":32}},"2":{"start":{"line":10,"column":20},"end":{"line":14,"column":3}},"3":{"start":{"line":12,"column":4},"end":{"line":12,"column":28}},"4":{"start":{"line":15,"column":2},"end":{"line":31,"column":3}},"5":{"start":{"line":17,"column":25},"end":{"line":28,"column":12}},"6":{"start":{"line":22,"column":88},"end":{"line":22,"column":103}}},"fnMap":{"0":{"name":"(anonymous_0)","decl":{"start":{"line":6,"column":17},"end":{"line":6,"column":18}},"loc":{"start":{"line":6,"column":30},"end":{"line":32,"column":1}},"line":6},"1":{"name":"(anonymous_1)","decl":{"start":{"line":10,"column":20},"end":{"line":10,"column":21}},"loc":{"start":{"line":10,"column":29},"end":{"line":14,"column":3}},"line":10},"2":{"name":"(anonymous_2)","decl":{"start":{"line":17,"column":17},"end":{"line":17,"column":18}},"loc":{"start":{"line":17,"column":25},"end":{"line":28,"column":12}},"line":17},"3":{"name":"(anonymous_3)","decl":{"start":{"line":22,"column":83},"end":{"line":22,"column":84}},"loc":{"start":{"line":22,"column":88},"end":{"line":22,"column":103}},"line":22}},"branchMap":{},"s":{"0":1,"1":5,"2":5,"3":1,"4":5,"5":35,"6":1},"f":{"0":5,"1":1,"2":35,"3":1},"b":{},"_coverageSchema":"1a1c01bbd47fc00a2c39e90264f33305004495a9","hash":"709fcc6f551ea619a3d3ed68df8f9b3ec94aa399"}
,"/Users/shritimac/Desktop/Shriti Desktop/Shriti- code/Namaste_React/React_Basic/src/components/RestaurantCategory.js": {"path":"/Users/shritimac/Desktop/Shriti Desktop/Shriti- code/Namaste_React/React_Basic/src/components/RestaurantCategory.js","statementMap":{"0":{"start":{"line":4,"column":27},"end":{"line":16,"column":1}},"1":{"start":{"line":6,"column":2},"end":{"line":15,"column":3}}},"fnMap":{"0":{"name":"(anonymous_0)","decl":{"start":{"line":4,"column":27},"end":{"line":4,"column":28}},"loc":{"start":{"line":4,"column":46},"end":{"line":16,"column":1}},"line":4}},"branchMap":{"0":{"loc":{"start":{"line":12,"column":8},"end":{"line":12,"column":51}},"type":"binary-expr","locations":[{"start":{"line":12,"column":8},"end":{"line":12,"column":12}},{"start":{"line":12,"column":17},"end":{"line":12,"column":51}}],"line":12}},"s":{"0":1,"1":16},"f":{"0":16},"b":{"0":[16,2]},"_coverageSchema":"1a1c01bbd47fc00a2c39e90264f33305004495a9","hash":"be2f256e29c8707820e6cf0b9c97acc6042bb608"}
,"/Users/shritimac/Desktop/Shriti Desktop/Shriti- code/Namaste_React/React_Basic/src/components/RestaurantMenu.js": {"path":"/Users/shritimac/Desktop/Shriti Desktop/Shriti- code/Namaste_React/React_Basic/src/components/RestaurantMenu.js","statementMap":{"0":{"start":{"line":6,"column":23},"end":{"line":43,"column":1}},"1":{"start":{"line":12,"column":16},"end":{"line":12,"column":27}},"2":{"start":{"line":13,"column":16},"end":{"line":13,"column":40}},"3":{"start":{"line":14,"column":33},"end":{"line":14,"column":44}},"4":{"start":{"line":16,"column":21},"end":{"line":18,"column":3}},"5":{"start":{"line":17,"column":4},"end":{"line":17,"column":24}},"6":{"start":{"line":20,"column":0},"end":{"line":20,"column":41}},"7":{"start":{"line":20,"column":22},"end":{"line":20,"column":41}},"8":{"start":{"line":22,"column":67},"end":{"line":22,"column":102}},"9":{"start":{"line":23,"column":19},"end":{"line":26,"column":3}},"10":{"start":{"line":24,"column":6},"end":{"line":25,"column":66}},"11":{"start":{"line":27,"column":2},"end":{"line":42,"column":3}},"12":{"start":{"line":38,"column":6},"end":{"line":39,"column":84}},"13":{"start":{"line":38,"column":38},"end":{"line":38,"column":59}}},"fnMap":{"0":{"name":"(anonymous_0)","decl":{"start":{"line":6,"column":23},"end":{"line":6,"column":24}},"loc":{"start":{"line":6,"column":29},"end":{"line":43,"column":1}},"line":6},"1":{"name":"(anonymous_1)","decl":{"start":{"line":16,"column":21},"end":{"line":16,"column":22}},"loc":{"start":{"line":16,"column":36},"end":{"line":18,"column":3}},"line":16},"2":{"name":"(anonymous_2)","decl":{"start":{"line":23,"column":89},"end":{"line":23,"column":90}},"loc":{"start":{"line":24,"column":6},"end":{"line":25,"column":66}},"line":24},"3":{"name":"(anonymous_3)","decl":{"start":{"line":36,"column":21},"end":{"line":36,"column":22}},"loc":{"start":{"line":38,"column":6},"end":{"line":39,"column":84}},"line":38},"4":{"name":"(anonymous_4)","decl":{"start":{"line":38,"column":32},"end":{"line":38,"column":33}},"loc":{"start":{"line":38,"column":38},"end":{"line":38,"column":59}},"line":38}},"branchMap":{"0":{"loc":{"start":{"line":20,"column":0},"end":{"line":20,"column":41}},"type":"if","locations":[{"start":{"line":20,"column":0},"end":{"line":20,"column":41}},{"start":{},"end":{}}],"line":20}},"s":{"0":1,"1":4,"2":4,"3":4,"4":4,"5":2,"6":4,"7":1,"8":3,"9":3,"10":42,"11":3,"12":24,"13":2},"f":{"0":4,"1":2,"2":42,"3":24,"4":2},"b":{"0":[1,3]},"_coverageSchema":"1a1c01bbd47fc00a2c39e90264f33305004495a9","hash":"a7cf576f651f43760c5f78fb8effc7682c494cc7"}
,"/Users/shritimac/Desktop/Shriti Desktop/Shriti- code/Namaste_React/React_Basic/src/reducers/cartSlice.js": {"path":"/Users/shritimac/Desktop/Shriti Desktop/Shriti- code/Namaste_React/React_Basic/src/reducers/cartSlice.js","statementMap":{"0":{"start":{"line":3,"column":18},"end":{"line":24,"column":2}},"1":{"start":{"line":13,"column":12},"end":{"line":13,"column":45}},"2":{"start":{"line":16,"column":23},"end":{"line":16,"column":58}},"3":{"start":{"line":17,"column":11},"end":{"line":17,"column":37}},"4":{"start":{"line":20,"column":12},"end":{"line":20,"column":35}},"5":{"start":{"line":26,"column":51},"end":{"line":26,"column":68}}},"fnMap":{"0":{"name":"(anonymous_0)","decl":{"start":{"line":9,"column":17},"end":{"line":9,"column":18}},"loc":{"start":{"line":9,"column":34},"end":{"line":14,"column":9}},"line":9},"1":{"name":"(anonymous_1)","decl":{"start":{"line":15,"column":19},"end":{"line":15,"column":20}},"loc":{"start":{"line":15,"column":36},"end":{"line":18,"column":9}},"line":15},"2":{"name":"(anonymous_2)","decl":{"start":{"line":19,"column":19},"end":{"line":19,"column":20}},"loc":{"start":{"line":19,"column":28},"end":{"line":21,"column":9}},"line":19}},"branchMap":{},"s":{"0":1,"1":1,"2":0,"3":0,"4":1,"5":1},"f":{"0":1,"1":0,"2":1},"b":{},"_coverageSchema":"1a1c01bbd47fc00a2c39e90264f33305004495a9","hash":"485cef75f5c9cf1d7304cc4bd8ef3b0dc5dc76a7"}
,"/Users/shritimac/Desktop/Shriti Desktop/Shriti- code/Namaste_React/React_Basic/src/utils/UserContext.js": {"path":"/Users/shritimac/Desktop/Shriti Desktop/Shriti- code/Namaste_React/React_Basic/src/utils/UserContext.js","statementMap":{"0":{"start":{"line":5,"column":20},"end":{"line":8,"column":1}}},"fnMap":{},"branchMap":{},"s":{"0":1},"f":{},"b":{},"_coverageSchema":"1a1c01bbd47fc00a2c39e90264f33305004495a9","hash":"b4111594950b9be29b08272bf460d5ea2c994822"}
,"/Users/shritimac/Desktop/Shriti Desktop/Shriti- code/Namaste_React/React_Basic/src/utils/appStore.js": {"path":"/Users/shritimac/Desktop/Shriti Desktop/Shriti- code/Namaste_React/React_Basic/src/utils/appStore.js","statementMap":{"0":{"start":{"line":4,"column":16},"end":{"line":8,"column":2}}},"fnMap":{},"branchMap":{},"s":{"0":1},"f":{},"b":{},"_coverageSchema":"1a1c01bbd47fc00a2c39e90264f33305004495a9","hash":"68a52f3866adae5ac7dfcfdfdcb5c756075952ad"}
,"/Users/shritimac/Desktop/Shriti Desktop/Shriti- code/Namaste_React/React_Basic/src/utils/constants.js": {"path":"/Users/shritimac/Desktop/Shriti Desktop/Shriti- code/Namaste_React/React_Basic/src/utils/constants.js","statementMap":{"0":{"start":{"line":1,"column":26},"end":{"line":1,"column":109}},"1":{"start":{"line":2,"column":24},"end":{"line":2,"column":121}},"2":{"start":{"line":3,"column":23},"end":{"line":3,"column":153}}},"fnMap":{},"branchMap":{},"s":{"0":1,"1":1,"2":1},"f":{},"b":{},"_coverageSchema":"1a1c01bbd47fc00a2c39e90264f33305004495a9","hash":"29f284ea531f20d77866c648ed0f571ff5a173c3"}
,"/Users/shritimac/Desktop/Shriti Desktop/Shriti- code/Namaste_React/React_Basic/src/utils/useOnlineStatus.js": {"path":"/Users/shritimac/Desktop/Shriti Desktop/Shriti- code/Namaste_React/React_Basic/src/utils/useOnlineStatus.js","statementMap":{"0":{"start":{"line":3,"column":24},"end":{"line":18,"column":1}},"1":{"start":{"line":4,"column":44},"end":{"line":4,"column":64}},"2":{"start":{"line":8,"column":4},"end":{"line":15,"column":9}},"3":{"start":{"line":9,"column":8},"end":{"line":11,"column":11}},"4":{"start":{"line":10,"column":12},"end":{"line":10,"column":33}},"5":{"start":{"line":12,"column":9},"end":{"line":14,"column":11}},"6":{"start":{"line":13,"column":12},"end":{"line":13,"column":35}},"7":{"start":{"line":17,"column":2},"end":{"line":17,"column":22}}},"fnMap":{"0":{"name":"(anonymous_0)","decl":{"start":{"line":3,"column":24},"end":{"line":3,"column":25}},"loc":{"start":{"line":3,"column":30},"end":{"line":18,"column":1}},"line":3},"1":{"name":"(anonymous_1)","decl":{"start":{"line":8,"column":14},"end":{"line":8,"column":15}},"loc":{"start":{"line":8,"column":19},"end":{"line":15,"column":5}},"line":8},"2":{"name":"(anonymous_2)","decl":{"start":{"line":9,"column":42},"end":{"line":9,"column":43}},"loc":{"start":{"line":9,"column":53},"end":{"line":11,"column":9}},"line":9},"3":{"name":"(anonymous_3)","decl":{"start":{"line":12,"column":44},"end":{"line":12,"column":45}},"loc":{"start":{"line":12,"column":55},"end":{"line":14,"column":9}},"line":12}},"branchMap":{},"s":{"0":1,"1":3,"2":3,"3":1,"4":0,"5":1,"6":0,"7":3},"f":{"0":3,"1":1,"2":0,"3":0},"b":{},"_coverageSchema":"1a1c01bbd47fc00a2c39e90264f33305004495a9","hash":"9d5276b5b2257f030791e83d918e37f24e188495"}
,"/Users/shritimac/Desktop/Shriti Desktop/Shriti- code/Namaste_React/React_Basic/src/utils/useRestaurantMenu.js": {"path":"/Users/shritimac/Desktop/Shriti Desktop/Shriti- code/Namaste_React/React_Basic/src/utils/useRestaurantMenu.js","statementMap":{"0":{"start":{"line":4,"column":26},"end":{"line":17,"column":1}},"1":{"start":{"line":5,"column":30},"end":{"line":5,"column":50}},"2":{"start":{"line":7,"column":22},"end":{"line":11,"column":5}},"3":{"start":{"line":8,"column":21},"end":{"line":8,"column":91}},"4":{"start":{"line":9,"column":25},"end":{"line":9,"column":42}},"5":{"start":{"line":10,"column":8},"end":{"line":10,"column":35}},"6":{"start":{"line":13,"column":4},"end":{"line":15,"column":9}},"7":{"start":{"line":14,"column":8},"end":{"line":14,"column":20}},"8":{"start":{"line":16,"column":2},"end":{"line":16,"column":17}}},"fnMap":{"0":{"name":"(anonymous_0)","decl":{"start":{"line":4,"column":26},"end":{"line":4,"column":27}},"loc":{"start":{"line":4,"column":37},"end":{"line":17,"column":1}},"line":4},"1":{"name":"(anonymous_1)","decl":{"start":{"line":7,"column":22},"end":{"line":7,"column":23}},"loc":{"start":{"line":7,"column":32},"end":{"line":11,"column":5}},"line":7},"2":{"name":"(anonymous_2)","decl":{"start":{"line":13,"column":20},"end":{"line":13,"column":21}},"loc":{"start":{"line":13,"column":24},"end":{"line":15,"column":5}},"line":13}},"branchMap":{},"s":{"0":1,"1":4,"2":4,"3":1,"4":1,"5":1,"6":4,"7":1,"8":4},"f":{"0":4,"1":1,"2":1},"b":{},"_coverageSchema":"1a1c01bbd47fc00a2c39e90264f33305004495a9","hash":"4b57b3f51b333ddad0d0e86eb9835af0f7d631c6"}
}
